2022-04-03 21:27:23,930 [main] INFO ActivityLog.class - Trip Advisor has been launced
2022-04-03 21:27:24,791 [main] INFO ActivityLog.class - Clicked Holiday Homes Option
2022-04-03 21:27:26,052 [main] INFO ActivityLog.class - Entered place name in search box 
2022-04-03 21:27:42,030 [main] INFO ActivityLog.class - Clicked on search to view available holiday homes/Rentals
2022-04-03 21:27:43,485 [main] INFO ActivityLog.class - Applied Rating filter
2022-04-03 21:27:44,236 [main] INFO ActivityLog.class - Selected check in and check out dates
2022-04-03 21:27:44,759 [main] INFO ActivityLog.class - Applied Guests to stay
2022-04-03 21:27:47,115 [main] INFO ActivityLog.class - Selected Elevator/Lift access from Amenities
2022-04-03 21:27:50,135 [main] INFO ActivityLog.class - Scrolled to top
2022-04-03 21:27:53,615 [main] INFO ActivityLog.class -  Holiday Home name, total amount and charges per night for 3 holiday homes for 4+ people in Nairobi for 5 days of stay from tomorrow's date are displayed.
2022-04-03 21:27:53,615 [main] INFO ActivityLog.class -  The list is sorted  with highest traveler rating &  have elevator/ Lift  access
2022-04-03 21:27:57,674 [main] INFO ActivityLog.class - Clicked on Cruises Button
2022-04-03 21:27:59,389 [main] INFO ActivityLog.class - Respective cruise line is selected
2022-04-03 21:28:01,158 [main] INFO ActivityLog.class - Search is clicked
2022-04-03 21:28:01,232 [main] INFO ActivityLog.class - Switched tab
2022-04-03 21:28:04,885 [main] INFO ActivityLog.class - Scrolled down to see Ship Details
2022-04-03 21:28:06,342 [main] INFO ActivityLog.class - Ship details are printed
2022-04-03 22:33:53,519 [main] INFO ActivityLog.class - Trip Advisor has been launced
2022-04-03 22:33:54,054 [main] INFO ActivityLog.class - Clicked Holiday Homes Option
2022-04-03 22:33:55,316 [main] INFO ActivityLog.class - Entered place name in search box 
2022-04-03 22:34:13,102 [main] INFO ActivityLog.class - Clicked on search to view available holiday homes/Rentals
2022-04-03 22:34:14,785 [main] INFO ActivityLog.class - Applied Rating filter
2022-04-03 22:34:16,114 [main] INFO ActivityLog.class - Selected check in and check out dates
2022-04-03 22:34:16,642 [main] INFO ActivityLog.class - Applied Guests to stay
2022-04-03 22:34:19,021 [main] INFO ActivityLog.class - Selected Elevator/Lift access from Amenities
2022-04-03 22:34:22,055 [main] INFO ActivityLog.class - Scrolled to top
2022-04-03 22:34:25,295 [main] INFO ActivityLog.class -  Holiday Home name, total amount and charges per night for 3 holiday homes for 4+ people in Nairobi for 5 days of stay from tomorrow's date are displayed.
2022-04-03 22:34:25,296 [main] INFO ActivityLog.class -  The list is sorted  with highest traveler rating &  have elevator/ Lift  access
2022-04-03 22:34:28,612 [main] INFO ActivityLog.class - Clicked on Cruises Button
2022-04-03 22:34:29,969 [main] INFO ActivityLog.class - Respective cruise line is selected
2022-04-03 22:34:32,200 [main] INFO ActivityLog.class - Search is clicked
2022-04-03 22:34:32,231 [main] INFO ActivityLog.class - Switched tab
2022-04-03 22:34:35,130 [main] INFO ActivityLog.class - Scrolled down to see Ship Details
2022-04-03 22:34:36,216 [main] INFO ActivityLog.class - Ship details are printed
2022-04-04 00:22:32,796 [main] INFO ActivityLog.class - Trip Advisor has been launced
2022-04-04 00:22:33,331 [main] INFO ActivityLog.class - Clicked Holiday Homes Option
2022-04-04 00:22:34,564 [main] INFO ActivityLog.class - Entered place name in search box 
2022-04-04 00:23:23,116 [main] INFO ActivityLog.class - Clicked on search to view available holiday homes/Rentals
2022-04-04 00:23:25,129 [main] INFO ActivityLog.class - Applied Rating filter
2022-04-04 00:23:27,445 [main] INFO ActivityLog.class - Selected check in and check out dates
2022-04-04 00:23:28,286 [main] INFO ActivityLog.class - Applied Guests to stay
2022-04-04 10:31:34,018 [main] INFO ActivityLog.class - Trip Advisor has been launced
2022-04-04 10:31:34,147 [main] INFO ActivityLog.class - Clicked Holiday Homes Option
2022-04-04 10:31:35,367 [main] INFO ActivityLog.class - Entered place name in search box 
2022-04-04 10:31:41,529 [main] INFO ActivityLog.class - Clicked on search to view available holiday homes/Rentals
2022-04-04 10:31:44,212 [main] INFO ActivityLog.class - Applied Rating filter
2022-04-04 10:31:46,056 [main] INFO ActivityLog.class - Selected check in and check out dates
2022-04-04 10:31:46,564 [main] INFO ActivityLog.class - Applied Guests to stay
2022-04-04 10:31:49,125 [main] INFO ActivityLog.class - Selected Elevator/Lift access from Amenities
2022-04-04 10:31:52,169 [main] INFO ActivityLog.class - Scrolled to top
2022-04-04 10:31:55,382 [main] INFO ActivityLog.class -  Holiday Home name, total amount and charges per night for 3 holiday homes for 4+ people in Nairobi for 5 days of stay from tomorrow's date are displayed.
2022-04-04 10:31:55,382 [main] INFO ActivityLog.class -  The list is sorted  with highest traveler rating &  have elevator/ Lift  access
2022-04-04 10:31:57,610 [main] INFO ActivityLog.class - Clicked on Cruises Button
2022-04-04 10:31:59,838 [main] INFO ActivityLog.class - Respective cruise line is selected
2022-04-04 10:32:01,203 [main] INFO ActivityLog.class - Search is clicked
2022-04-04 10:32:01,246 [main] INFO ActivityLog.class - Switched tab
2022-04-04 10:32:03,557 [main] INFO ActivityLog.class - Scrolled down to see Ship Details
2022-04-04 10:32:04,942 [main] INFO ActivityLog.class - Ship details are printed
2022-04-04 11:02:48,960 [main] INFO ActivityLog.class - Trip Advisor has been launced
2022-04-04 11:02:49,374 [main] INFO ActivityLog.class - Clicked Holiday Homes Option
2022-04-04 11:02:50,516 [main] INFO ActivityLog.class - Entered place name in search box 
2022-04-04 11:02:55,166 [main] INFO ActivityLog.class - Clicked on search to view available holiday homes/Rentals
2022-04-04 11:02:56,844 [main] INFO ActivityLog.class - Applied Rating filter
2022-04-04 11:02:59,679 [main] INFO ActivityLog.class - Selected check in and check out dates
2022-04-04 11:03:00,235 [main] INFO ActivityLog.class - Applied Guests to stay
2022-04-04 11:03:01,582 [main] INFO ActivityLog.class - Selected Elevator/Lift access from Amenities
2022-04-04 11:03:05,946 [main] INFO ActivityLog.class - Scrolled to top
2022-04-04 11:03:09,133 [main] INFO ActivityLog.class -  Holiday Home name, total amount and charges per night for 3 holiday homes for 4+ people in Nairobi for 5 days of stay from tomorrow's date are displayed.
2022-04-04 11:03:09,133 [main] INFO ActivityLog.class -  The list is sorted  with highest traveler rating &  have elevator/ Lift  access
2022-04-04 11:03:11,669 [main] INFO ActivityLog.class - Clicked on Cruises Button
2022-04-04 11:03:13,228 [main] INFO ActivityLog.class - Respective cruise line is selected
2022-04-04 11:03:15,210 [main] INFO ActivityLog.class - Search is clicked
2022-04-04 11:03:15,242 [main] INFO ActivityLog.class - Switched tab
2022-04-04 11:03:17,816 [main] INFO ActivityLog.class - Scrolled down to see Ship Details
2022-04-04 11:03:18,998 [main] INFO ActivityLog.class - Ship details are printed
2022-04-04 11:09:17,618 [main] INFO ActivityLog.class - Trip Advisor has been launced
2022-04-04 11:09:17,912 [main] INFO ActivityLog.class - Clicked Holiday Homes Option
2022-04-04 11:09:19,076 [main] INFO ActivityLog.class - Entered place name in search box 
2022-04-04 11:09:23,719 [main] INFO ActivityLog.class - Clicked on search to view available holiday homes/Rentals
2022-04-04 11:09:25,291 [main] INFO ActivityLog.class - Applied Rating filter
2022-04-04 11:09:28,169 [main] INFO ActivityLog.class - Selected check in and check out dates
2022-04-04 11:09:28,554 [main] INFO ActivityLog.class - Applied Guests to stay
2022-04-04 11:09:30,250 [main] INFO ActivityLog.class - Selected Elevator/Lift access from Amenities
2022-04-04 11:09:33,375 [main] INFO ActivityLog.class - Scrolled to top
2022-04-04 11:09:36,614 [main] INFO ActivityLog.class -  Holiday Home name, total amount and charges per night for 3 holiday homes for 4+ people in Nairobi for 5 days of stay from tomorrow's date are displayed.
2022-04-04 11:09:36,614 [main] INFO ActivityLog.class -  The list is sorted  with highest traveler rating &  have elevator/ Lift  access
2022-04-04 11:09:39,225 [main] INFO ActivityLog.class - Clicked on Cruises Button
2022-04-04 11:09:40,507 [main] INFO ActivityLog.class - Respective cruise line is selected
2022-04-04 11:09:41,832 [main] INFO ActivityLog.class - Search is clicked
2022-04-04 11:09:41,873 [main] INFO ActivityLog.class - Switched tab
2022-04-04 11:09:44,172 [main] INFO ActivityLog.class - Scrolled down to see Ship Details
2022-04-04 11:09:45,287 [main] INFO ActivityLog.class - Ship details are printed
2022-04-06 10:42:25,743 [main] INFO ActivityLog.class - Trip Advisor has been launced
2022-04-06 10:42:26,005 [main] INFO ActivityLog.class - Clicked Holiday Homes Option
2022-04-06 10:42:27,309 [main] INFO ActivityLog.class - Entered place name in search box 
2022-04-06 10:42:47,901 [main] INFO ActivityLog.class - Clicked on search to view available holiday homes/Rentals
2022-04-06 10:42:49,413 [main] INFO ActivityLog.class - Applied Rating filter
2022-04-06 10:42:50,862 [main] INFO ActivityLog.class - Selected check in and check out dates
2022-04-06 10:42:51,586 [main] INFO ActivityLog.class - Applied Guests to stay
2022-04-06 10:42:53,064 [main] INFO ActivityLog.class - Selected Elevator/Lift access from Amenities
2022-04-06 10:42:56,140 [main] INFO ActivityLog.class - Scrolled to top
2022-04-06 10:42:59,568 [main] INFO ActivityLog.class -  Holiday Home name, total amount and charges per night for 3 holiday homes for 4+ people in Nairobi for 5 days of stay from tomorrow's date are displayed.
2022-04-06 10:42:59,569 [main] INFO ActivityLog.class -  The list is sorted  with highest traveler rating &  have elevator/ Lift  access
2022-04-06 10:43:03,623 [main] INFO ActivityLog.class - Clicked on Cruises Button
2022-04-06 10:43:04,977 [main] INFO ActivityLog.class - Respective cruise line is selected
2022-04-06 10:43:06,317 [main] INFO ActivityLog.class - Search is clicked
2022-04-06 10:43:06,358 [main] INFO ActivityLog.class - Switched tab
2022-04-06 10:43:10,231 [main] INFO ActivityLog.class - Scrolled down to see Ship Details
2022-04-06 10:43:11,503 [main] INFO ActivityLog.class - Ship details are printed
2022-04-06 13:05:55,723 [main] INFO ActivityLog.class - Trip Advisor has been launced
2022-04-06 13:05:56,721 [main] INFO ActivityLog.class - Clicked Holiday Homes Option
2022-04-06 13:05:58,453 [main] INFO ActivityLog.class - Entered place name in search box 
2022-04-06 13:06:58,705 [main] INFO ActivityLog.class - Clicked on search to view available holiday homes/Rentals
2022-04-06 13:07:15,022 [main] INFO ActivityLog.class - Applied Rating filter
2022-04-06 13:07:19,851 [main] INFO ActivityLog.class - Selected check in and check out dates
2022-04-06 13:07:20,468 [main] INFO ActivityLog.class - Applied Guests to stay
2022-04-06 13:07:22,410 [main] INFO ActivityLog.class - Selected Elevator/Lift access from Amenities
2022-04-06 13:07:25,544 [main] INFO ActivityLog.class - Scrolled to top
2022-04-06 13:07:29,456 [main] INFO ActivityLog.class -  Holiday Home name, total amount and charges per night for 3 holiday homes for 4+ people in Nairobi for 5 days of stay from tomorrow's date are displayed.
2022-04-06 13:07:29,456 [main] INFO ActivityLog.class -  The list is sorted  with highest traveler rating &  have elevator/ Lift  access
2022-04-06 13:07:34,402 [main] INFO ActivityLog.class - Clicked on Cruises Button
2022-04-06 13:07:46,589 [main] INFO ActivityLog.class - Respective cruise line is selected
2022-04-06 13:07:54,969 [main] INFO ActivityLog.class - Search is clicked
2022-04-06 13:07:55,373 [main] INFO ActivityLog.class - Switched tab
2022-04-06 13:08:01,046 [main] INFO ActivityLog.class - Scrolled down to see Ship Details
2022-04-06 13:08:02,114 [main] INFO ActivityLog.class - Ship details are printed
2022-04-06 13:20:42,432 [main] INFO ActivityLog.class - Trip Advisor has been launced
2022-04-06 13:20:48,562 [main] INFO ActivityLog.class - Clicked Holiday Homes Option
2022-04-06 13:20:51,384 [main] INFO ActivityLog.class - Entered place name in search box 
2022-04-06 13:21:15,871 [main] INFO ActivityLog.class - Clicked on search to view available holiday homes/Rentals
2022-04-06 13:21:18,361 [main] INFO ActivityLog.class - Applied Rating filter
2022-04-06 13:21:24,133 [main] INFO ActivityLog.class - Selected check in and check out dates
2022-04-06 13:21:24,752 [main] INFO ActivityLog.class - Applied Guests to stay
2022-04-06 13:21:27,242 [main] INFO ActivityLog.class - Selected Elevator/Lift access from Amenities
2022-04-06 13:21:30,726 [main] INFO ActivityLog.class - Scrolled to top
2022-04-06 13:21:34,226 [main] INFO ActivityLog.class -  Holiday Home name, total amount and charges per night for 3 holiday homes for 4+ people in Nairobi for 5 days of stay from tomorrow's date are displayed.
2022-04-06 13:21:34,227 [main] INFO ActivityLog.class -  The list is sorted  with highest traveler rating &  have elevator/ Lift  access
2022-04-06 13:21:44,325 [main] INFO ActivityLog.class - Clicked on Cruises Button
2022-04-06 13:21:55,496 [main] INFO ActivityLog.class - Respective cruise line is selected
2022-04-06 13:22:15,846 [main] INFO ActivityLog.class - Search is clicked
2022-04-06 13:22:16,663 [main] INFO ActivityLog.class - Switched tab
2022-04-06 13:22:29,376 [main] INFO ActivityLog.class - Scrolled down to see Ship Details
2022-04-06 13:22:30,420 [main] INFO ActivityLog.class - Ship details are printed
2022-04-06 13:35:55,170 [main] INFO ActivityLog.class - Trip Advisor has been launced
2022-04-06 13:38:56,575 [main] INFO ActivityLog.class - Trip Advisor has been launced
2022-04-06 13:39:00,623 [main] INFO ActivityLog.class - Clicked Holiday Homes Option
2022-04-06 13:39:03,271 [main] INFO ActivityLog.class - Entered place name in search box 
2022-04-06 13:39:23,961 [main] INFO ActivityLog.class - Clicked on search to view available holiday homes/Rentals
2022-04-06 13:39:29,779 [main] INFO ActivityLog.class - Applied Rating filter
2022-04-06 13:40:07,957 [main] INFO ActivityLog.class - Selected check in and check out dates
2022-04-06 13:40:09,237 [main] INFO ActivityLog.class - Applied Guests to stay
2022-04-06 13:40:12,893 [main] INFO ActivityLog.class - Selected Elevator/Lift access from Amenities
2022-04-06 13:40:16,104 [main] INFO ActivityLog.class - Scrolled to top
2022-04-06 13:40:19,966 [main] INFO ActivityLog.class -  Holiday Home name, total amount and charges per night for 3 holiday homes for 4+ people in Nairobi for 5 days of stay from tomorrow's date are displayed.
2022-04-06 13:40:19,971 [main] INFO ActivityLog.class -  The list is sorted  with highest traveler rating &  have elevator/ Lift  access
2022-04-06 13:40:31,131 [main] INFO ActivityLog.class - Clicked on Cruises Button
2022-04-06 13:40:40,122 [main] INFO ActivityLog.class - Respective cruise line is selected
2022-04-06 13:40:41,238 [main] INFO ActivityLog.class - Search is clicked
2022-04-06 13:40:41,731 [main] INFO ActivityLog.class - Switched tab
2022-04-06 13:40:56,251 [main] INFO ActivityLog.class - Scrolled down to see Ship Details
2022-04-06 13:40:57,299 [main] INFO ActivityLog.class - Ship details are printed
2022-04-06 13:42:42,153 [main] INFO ActivityLog.class - Scrolled to top
2022-04-06 13:45:36,056 [main] INFO ActivityLog.class - Trip Advisor has been launced
2022-04-06 13:45:36,616 [main] INFO ActivityLog.class - Clicked Holiday Homes Option
2022-04-06 13:45:37,888 [main] INFO ActivityLog.class - Entered place name in search box 
2022-04-06 13:45:53,035 [main] INFO ActivityLog.class - Clicked on search to view available holiday homes/Rentals
2022-04-06 13:45:54,479 [main] INFO ActivityLog.class - Applied Rating filter
2022-04-06 13:45:58,928 [main] INFO ActivityLog.class - Selected check in and check out dates
2022-04-06 13:45:59,367 [main] INFO ActivityLog.class - Applied Guests to stay
2022-04-06 13:46:01,708 [main] INFO ActivityLog.class - Selected Elevator/Lift access from Amenities
2022-04-06 13:46:04,745 [main] INFO ActivityLog.class - Scrolled to top
2022-04-06 13:46:07,988 [main] INFO ActivityLog.class -  Holiday Home name, total amount and charges per night for 3 holiday homes for 4+ people in Nairobi for 5 days of stay from tomorrow's date are displayed.
2022-04-06 13:46:07,989 [main] INFO ActivityLog.class -  The list is sorted  with highest traveler rating &  have elevator/ Lift  access
2022-04-06 13:46:22,971 [main] INFO ActivityLog.class - Clicked on Cruises Button
2022-04-06 13:46:24,264 [main] INFO ActivityLog.class - Respective cruise line is selected
2022-04-06 13:46:25,602 [main] INFO ActivityLog.class - Search is clicked
2022-04-06 13:46:25,636 [main] INFO ActivityLog.class - Switched tab
2022-04-06 13:46:33,145 [main] INFO ActivityLog.class - Scrolled down to see Ship Details
2022-04-06 13:46:35,517 [main] INFO ActivityLog.class - Ship details are printed
2022-04-06 14:52:08,902 [main] INFO ActivityLog.class - Trip Advisor has been launced
2022-04-06 14:52:12,302 [main] INFO ActivityLog.class - Clicked Holiday Homes Option
2022-04-06 14:52:13,763 [main] INFO ActivityLog.class - Entered place name in search box 
2022-04-06 14:52:31,650 [main] INFO ActivityLog.class - Clicked on search to view available holiday homes/Rentals
2022-04-06 14:52:33,073 [main] INFO ActivityLog.class - Applied Rating filter
2022-04-06 14:52:35,546 [main] INFO ActivityLog.class - Selected check in and check out dates
2022-04-06 14:52:36,272 [main] INFO ActivityLog.class - Applied Guests to stay
2022-04-06 14:52:38,319 [main] INFO ActivityLog.class - Selected Elevator/Lift access from Amenities
2022-04-06 14:52:43,696 [main] INFO ActivityLog.class - Scrolled to top
2022-04-06 14:52:49,779 [main] INFO ActivityLog.class -  Holiday Home name, total amount and charges per night for 3 holiday homes for 4+ people in Nairobi for 5 days of stay from tomorrow's date are displayed.
2022-04-06 14:52:49,780 [main] INFO ActivityLog.class -  The list is sorted  with highest traveler rating &  have elevator/ Lift  access
2022-04-06 14:53:09,234 [main] INFO ActivityLog.class - Clicked on Cruises Button
2022-04-06 14:53:11,045 [main] INFO ActivityLog.class - Respective cruise line is selected
2022-04-06 14:53:12,163 [main] INFO ActivityLog.class - Search is clicked
2022-04-06 14:53:12,613 [main] INFO ActivityLog.class - Switched tab
2022-04-06 14:53:39,911 [main] INFO ActivityLog.class - Scrolled down to see Ship Details
2022-04-06 14:53:41,150 [main] INFO ActivityLog.class - Ship details are printed
